<?xml version="1.0" encoding="UTF-8"?>
<testsuite xmlns:xsi="http://www.w3.org/2001/XMLSchema-instance" xsi:noNamespaceSchemaLocation="https://maven.apache.org/surefire/maven-surefire-plugin/xsd/surefire-test-report-3.0.xsd" version="3.0" name="testDB.CompanyApiTest" time="17.456" tests="4" errors="0" skipped="0" failures="0">
  <properties>
[...]
</properties>
  <testcase name="testCreateEmployeeInNonExistentCompany" classname="testDB.CompanyApiTest" time="4.145">
    <system-out><![CDATA[Request method:	POST
Request URI:	https://x-clients-be.onrender.com/auth/login
Proxy:			<none>
Request params:	<none>
Query params:	<none>
Form params:	<none>
Path params:	<none>
Headers:		Accept=*/*
				Content-Type=application/json
Cookies:		<none>
Multiparts:		<none>
Body:
{
    "username": "bloom",
    "password": "fire-fairy"
}
HTTP/1.1 201 Created
Date: Thu, 27 Jun 2024 08:49:59 GMT
Content-Type: application/json; charset=utf-8
Content-Length: 216
Connection: keep-alive
CF-Ray: 89a42fd0da5a9bef-FRA
CF-Cache-Status: DYNAMIC
Access-Control-Allow-Origin: *
Content-Encoding: gzip
ETag: W/"d9-x5KZJk4r6N6eBTETlmO6h5ZyS/U"
Vary: Accept-Encoding
rndr-id: e2e82038-0631-4b5b
x-powered-by: Express
x-render-origin-server: Render
Server: cloudflare
alt-svc: h3=":443"; ma=86400

{
    "userToken": "eyJhbGciOiJIUzI1NiIsInR5cCI6IkpXVCJ9.eyJyb2xlIjoiYWRtaW4iLCJpYXQiOjE3MTk0NzgxOTksImV4cCI6MTcxOTQ3OTA5OX0.aAh6QZr5TG6bhoI1skWttorHy_EeqMCZfQCUvF21vd8",
    "role": "admin",
    "displayName": "bloom",
    "login": "bloom"
}
Request method:	POST
Request URI:	https://x-clients-be.onrender.com/employee
Proxy:			<none>
Request params:	<none>
Query params:	<none>
Form params:	<none>
Path params:	<none>
Headers:		x-client-token=eyJhbGciOiJIUzI1NiIsInR5cCI6IkpXVCJ9.eyJyb2xlIjoiYWRtaW4iLCJpYXQiOjE3MTk0NzgxOTksImV4cCI6MTcxOTQ3OTA5OX0.aAh6QZr5TG6bhoI1skWttorHy_EeqMCZfQCUvF21vd8
				Accept=*/*
				Content-Type=application/json
Cookies:		<none>
Multiparts:		<none>
Body:
{
    "id": 0,
    "firstName": "Dedra",
    "lastName": "Stark",
    "middleName": "darrick.spinka",
    "companyId": 2020,
    "email": "danny.armstrong@yahoo.com",
    "avatar_url": "http://example.com/avatar.jpg",
    "phone": "0354",
    "birthdate": "1990-01-01T00:00:00",
    "isActive": true,
    "createDateTime": "2024-06-27T13:49:59.851489",
    "lastChangedDateTime": "2024-06-27T13:49:59.851543",
    "url": "http://example.com/avatar.jpg"
}
HTTP/1.1 500 Internal Server Error
Date: Thu, 27 Jun 2024 08:50:00 GMT
Content-Type: application/json; charset=utf-8
Content-Length: 76
Connection: keep-alive
CF-Ray: 89a42fde9fa43835-FRA
CF-Cache-Status: DYNAMIC
Access-Control-Allow-Origin: *
Content-Encoding: gzip
ETag: W/"34-rlKccw1E+/fV8niQk4oFitDfPro"
Vary: Accept-Encoding
rndr-id: e68a11fb-1635-4588
x-powered-by: Express
x-render-origin-server: Render
Server: cloudflare
alt-svc: h3=":443"; ma=86400

{
    "statusCode": 500,
    "message": "Internal server error"
}
]]></system-out>
  </testcase>
  <testcase name="testCreateCompanyAddEmployeesAndEdit" classname="testDB.CompanyApiTest" time="4.765">
    <system-out><![CDATA[Request method:	POST
Request URI:	https://x-clients-be.onrender.com/auth/login
Proxy:			<none>
Request params:	<none>
Query params:	<none>
Form params:	<none>
Path params:	<none>
Headers:		Accept=*/*
				Content-Type=application/json
Cookies:		<none>
Multiparts:		<none>
Body:
{
    "username": "bloom",
    "password": "fire-fairy"
}
HTTP/1.1 201 Created
Date: Thu, 27 Jun 2024 08:50:01 GMT
Content-Type: application/json; charset=utf-8
Content-Length: 217
Connection: keep-alive
CF-Ray: 89a42fe3bc3e383e-FRA
CF-Cache-Status: DYNAMIC
Access-Control-Allow-Origin: *
Content-Encoding: gzip
ETag: W/"d9-r+Gq+OtGQNliocpQyLlHVj212zw"
Vary: Accept-Encoding
rndr-id: c6f67401-810a-4c73
x-powered-by: Express
x-render-origin-server: Render
Server: cloudflare
alt-svc: h3=":443"; ma=86400

{
    "userToken": "eyJhbGciOiJIUzI1NiIsInR5cCI6IkpXVCJ9.eyJyb2xlIjoiYWRtaW4iLCJpYXQiOjE3MTk0NzgyMDEsImV4cCI6MTcxOTQ3OTEwMX0.EHiYbZF7q7hu_pz2DRk5hhY_F8ryTG6US2GE-zwba9s",
    "role": "admin",
    "displayName": "bloom",
    "login": "bloom"
}
Request method:	POST
Request URI:	https://x-clients-be.onrender.com/company
Proxy:			<none>
Request params:	<none>
Query params:	<none>
Form params:	<none>
Path params:	<none>
Headers:		x-client-token=eyJhbGciOiJIUzI1NiIsInR5cCI6IkpXVCJ9.eyJyb2xlIjoiYWRtaW4iLCJpYXQiOjE3MTk0NzgyMDEsImV4cCI6MTcxOTQ3OTEwMX0.EHiYbZF7q7hu_pz2DRk5hhY_F8ryTG6US2GE-zwba9s
				Accept=*/*
				Content-Type=application/json
Cookies:		<none>
Multiparts:		<none>
Body:
{
    "name": "Kub, Bruen and Weimann",
    "description": "innovate bleeding-edge metrics"
}
HTTP/1.1 201 Created
Date: Thu, 27 Jun 2024 08:50:01 GMT
Content-Type: application/json; charset=utf-8
Content-Length: 36
Connection: keep-alive
CF-Ray: 89a42fe6b8899745-FRA
CF-Cache-Status: DYNAMIC
Access-Control-Allow-Origin: *
Content-Encoding: gzip
ETag: W/"c-nob/9Z7edHO6wpsKITqYxtLnfFo"
Vary: Accept-Encoding
rndr-id: 514d9090-3173-4471
x-powered-by: Express
x-render-origin-server: Render
Server: cloudflare
alt-svc: h3=":443"; ma=86400

{
    "id": 13407
}
Request method:	POST
Request URI:	https://x-clients-be.onrender.com/employee
Proxy:			<none>
Request params:	<none>
Query params:	<none>
Form params:	<none>
Path params:	<none>
Headers:		x-client-token=eyJhbGciOiJIUzI1NiIsInR5cCI6IkpXVCJ9.eyJyb2xlIjoiYWRtaW4iLCJpYXQiOjE3MTk0NzgyMDEsImV4cCI6MTcxOTQ3OTEwMX0.EHiYbZF7q7hu_pz2DRk5hhY_F8ryTG6US2GE-zwba9s
				Accept=*/*
				Content-Type=application/json
Cookies:		<none>
Multiparts:		<none>
Body:
{
    "id": 0,
    "firstName": "Emerald",
    "lastName": "Nikolaus",
    "middleName": "fredrick.koelpin",
    "companyId": 13407,
    "email": "justin.daugherty@gmail.com",
    "avatar_url": "http://example.com/avatar1.jpg",
    "phone": "6118",
    "birthdate": "1990-01-01T00:00:00",
    "isActive": true,
    "createDateTime": "2024-06-27T13:50:02.001790",
    "lastChangedDateTime": "2024-06-27T13:50:02.001819",
    "url": "http://example.com/avatar1.jpg"
}
HTTP/1.1 201 Created
Date: Thu, 27 Jun 2024 08:50:02 GMT
Content-Type: application/json; charset=utf-8
Content-Length: 35
Connection: keep-alive
CF-Ray: 89a42fec0d6337f2-FRA
CF-Cache-Status: DYNAMIC
Access-Control-Allow-Origin: *
Content-Encoding: gzip
ETag: W/"b-5G9ULXyblA9PQfpQnfbEHRlW+94"
Vary: Accept-Encoding
rndr-id: b471c6b8-d7fb-4e5c
x-powered-by: Express
x-render-origin-server: Render
Server: cloudflare
alt-svc: h3=":443"; ma=86400

{
    "id": 8988
}
Request method:	POST
Request URI:	https://x-clients-be.onrender.com/employee
Proxy:			<none>
Request params:	<none>
Query params:	<none>
Form params:	<none>
Path params:	<none>
Headers:		x-client-token=eyJhbGciOiJIUzI1NiIsInR5cCI6IkpXVCJ9.eyJyb2xlIjoiYWRtaW4iLCJpYXQiOjE3MTk0NzgyMDEsImV4cCI6MTcxOTQ3OTEwMX0.EHiYbZF7q7hu_pz2DRk5hhY_F8ryTG6US2GE-zwba9s
				Accept=*/*
				Content-Type=application/json
Cookies:		<none>
Multiparts:		<none>
Body:
{
    "id": 0,
    "firstName": "Asha",
    "lastName": "Lindgren",
    "middleName": "suzann.bradtke",
    "companyId": 13407,
    "email": "mark.barton@gmail.com",
    "avatar_url": "http://example.com/avatar2.jpg",
    "phone": "2938",
    "birthdate": "1990-01-01T00:00:00",
    "isActive": true,
    "createDateTime": "2024-06-27T13:50:02.870194",
    "lastChangedDateTime": "2024-06-27T13:50:02.870226",
    "url": "http://example.com/avatar2.jpg"
}
HTTP/1.1 201 Created
Date: Thu, 27 Jun 2024 08:50:03 GMT
Content-Type: application/json; charset=utf-8
Content-Length: 35
Connection: keep-alive
CF-Ray: 89a42ff17e282be0-FRA
CF-Cache-Status: DYNAMIC
Access-Control-Allow-Origin: *
Content-Encoding: gzip
ETag: W/"b-6DFI24l/SJ/B+aWhBCRu674i7To"
Vary: Accept-Encoding
rndr-id: ef86dde2-67e8-4ace
x-powered-by: Express
x-render-origin-server: Render
Server: cloudflare
alt-svc: h3=":443"; ma=86400

{
    "id": 8989
}
Request method:	POST
Request URI:	https://x-clients-be.onrender.com/employee
Proxy:			<none>
Request params:	<none>
Query params:	<none>
Form params:	<none>
Path params:	<none>
Headers:		x-client-token=eyJhbGciOiJIUzI1NiIsInR5cCI6IkpXVCJ9.eyJyb2xlIjoiYWRtaW4iLCJpYXQiOjE3MTk0NzgyMDEsImV4cCI6MTcxOTQ3OTEwMX0.EHiYbZF7q7hu_pz2DRk5hhY_F8ryTG6US2GE-zwba9s
				Accept=*/*
				Content-Type=application/json
Cookies:		<none>
Multiparts:		<none>
Body:
{
    "id": 0,
    "firstName": "Marybelle",
    "lastName": "Mohr",
    "middleName": "geneva.langworth",
    "companyId": 13407,
    "email": "rigoberto.mayert@yahoo.com",
    "avatar_url": "http://example.com/avatar3.jpg",
    "phone": "4989",
    "birthdate": "1990-01-01T00:00:00",
    "isActive": true,
    "createDateTime": "2024-06-27T13:50:03.651514",
    "lastChangedDateTime": "2024-06-27T13:50:03.651544",
    "url": "http://example.com/avatar3.jpg"
}
HTTP/1.1 201 Created
Date: Thu, 27 Jun 2024 08:50:04 GMT
Content-Type: application/json; charset=utf-8
Content-Length: 35
Connection: keep-alive
CF-Ray: 89a42ff65aa71c2c-FRA
CF-Cache-Status: DYNAMIC
Access-Control-Allow-Origin: *
Content-Encoding: gzip
ETag: W/"b-5g1VlouoPdUjNbV5GdMzyhmskfQ"
Vary: Accept-Encoding
rndr-id: 1f75ecef-4239-4768
x-powered-by: Express
x-render-origin-server: Render
Server: cloudflare
alt-svc: h3=":443"; ma=86400

{
    "id": 8990
}
Request method:	PATCH
Request URI:	https://x-clients-be.onrender.com/employee/8990
Proxy:			<none>
Request params:	<none>
Query params:	<none>
Form params:	<none>
Path params:	<none>
Headers:		x-client-token=eyJhbGciOiJIUzI1NiIsInR5cCI6IkpXVCJ9.eyJyb2xlIjoiYWRtaW4iLCJpYXQiOjE3MTk0NzgyMDEsImV4cCI6MTcxOTQ3OTEwMX0.EHiYbZF7q7hu_pz2DRk5hhY_F8ryTG6US2GE-zwba9s
				Accept=*/*
				Content-Type=application/json
Cookies:		<none>
Multiparts:		<none>
Body:
{
    "isActive": false
}
HTTP/1.1 200 OK
Date: Thu, 27 Jun 2024 08:50:04 GMT
Content-Type: application/json; charset=utf-8
Content-Length: 101
Connection: keep-alive
CF-Ray: 89a42ffb4c62923b-FRA
CF-Cache-Status: DYNAMIC
Access-Control-Allow-Origin: *
Content-Encoding: gzip
ETag: W/"50-oPpq/5RTpfRNNlc6CvRXMYYF32Q"
Vary: Accept-Encoding
rndr-id: 4405588a-fa28-4b0b
x-powered-by: Express
x-render-origin-server: Render
Server: cloudflare
alt-svc: h3=":443"; ma=86400

{
    "id": 8990,
    "isActive": false,
    "email": null,
    "url": "http://example.com/avatar3.jpg"
}
Request method:	GET
Request URI:	https://x-clients-be.onrender.com/employee?company=13407
Proxy:			<none>
Request params:	<none>
Query params:	<none>
Form params:	<none>
Path params:	<none>
Headers:		Cache-Control=no-cache
				Pragma=no-cache
				Accept=*/*
				Content-Type=application/json
Cookies:		<none>
Multiparts:		<none>
Body:			<none>
]]></system-out>
  </testcase>
  <testcase name="testGetCompaniesByActiveStatus" classname="testDB.CompanyApiTest" time="4.737">
    <system-out><![CDATA[Request method:	POST
Request URI:	https://x-clients-be.onrender.com/auth/login
Proxy:			<none>
Request params:	<none>
Query params:	<none>
Form params:	<none>
Path params:	<none>
Headers:		Accept=*/*
				Content-Type=application/json
Cookies:		<none>
Multiparts:		<none>
Body:
{
    "username": "bloom",
    "password": "fire-fairy"
}
HTTP/1.1 201 Created
Date: Thu, 27 Jun 2024 08:50:05 GMT
Content-Type: application/json; charset=utf-8
Content-Length: 214
Connection: keep-alive
CF-Ray: 89a430015e928fdc-FRA
CF-Cache-Status: DYNAMIC
Access-Control-Allow-Origin: *
Content-Encoding: gzip
ETag: W/"d9-GVziX7WjvEH7eFfSH71s8/UgsWA"
Vary: Accept-Encoding
rndr-id: 20107cd6-436f-44b0
x-powered-by: Express
x-render-origin-server: Render
Server: cloudflare
alt-svc: h3=":443"; ma=86400

{
    "userToken": "eyJhbGciOiJIUzI1NiIsInR5cCI6IkpXVCJ9.eyJyb2xlIjoiYWRtaW4iLCJpYXQiOjE3MTk0NzgyMDUsImV4cCI6MTcxOTQ3OTEwNX0.f7eKJMXIs27fuBDlkpq61rhGefoDqH0Wi-11MUTDmaQ",
    "role": "admin",
    "displayName": "bloom",
    "login": "bloom"
}
Активные компании:
Company Name: Bode, Trantow and D'Amore
Company Name: Jones, Zieme and Muller
Company Name: Kub, Bruen and Weimann
Неактивные компании:
]]></system-out>
  </testcase>
  <testcase name="testCreateAndDeleteCompany" classname="testDB.CompanyApiTest" time="3.787">
    <system-out><![CDATA[Request method:	POST
Request URI:	https://x-clients-be.onrender.com/auth/login
Proxy:			<none>
Request params:	<none>
Query params:	<none>
Form params:	<none>
Path params:	<none>
Headers:		Accept=*/*
				Content-Type=application/json
Cookies:		<none>
Multiparts:		<none>
Body:
{
    "username": "bloom",
    "password": "fire-fairy"
}
HTTP/1.1 201 Created
Date: Thu, 27 Jun 2024 08:50:10 GMT
Content-Type: application/json; charset=utf-8
Content-Length: 216
Connection: keep-alive
CF-Ray: 89a4301f0b7b9769-FRA
CF-Cache-Status: DYNAMIC
Access-Control-Allow-Origin: *
Content-Encoding: gzip
ETag: W/"d9-q1yjQimytCKliEcxmkGGGk/5yhE"
Vary: Accept-Encoding
rndr-id: e0cc4a25-7d65-4c22
x-powered-by: Express
x-render-origin-server: Render
Server: cloudflare
alt-svc: h3=":443"; ma=86400

{
    "userToken": "eyJhbGciOiJIUzI1NiIsInR5cCI6IkpXVCJ9.eyJyb2xlIjoiYWRtaW4iLCJpYXQiOjE3MTk0NzgyMTAsImV4cCI6MTcxOTQ3OTExMH0.tZqDax2GB-hyTxZ0w8EBiM3y7rzU4erCcZywjR86Iq8",
    "role": "admin",
    "displayName": "bloom",
    "login": "bloom"
}
Request method:	POST
Request URI:	https://x-clients-be.onrender.com/company
Proxy:			<none>
Request params:	<none>
Query params:	<none>
Form params:	<none>
Path params:	<none>
Headers:		x-client-token=eyJhbGciOiJIUzI1NiIsInR5cCI6IkpXVCJ9.eyJyb2xlIjoiYWRtaW4iLCJpYXQiOjE3MTk0NzgyMTAsImV4cCI6MTcxOTQ3OTExMH0.tZqDax2GB-hyTxZ0w8EBiM3y7rzU4erCcZywjR86Iq8
				Accept=*/*
				Content-Type=application/json
Cookies:		<none>
Multiparts:		<none>
Body:
{
    "name": "Crona-Pacocha",
    "description": "mesh compelling technologies"
}
HTTP/1.1 201 Created
Date: Thu, 27 Jun 2024 08:50:11 GMT
Content-Type: application/json; charset=utf-8
Content-Length: 36
Connection: keep-alive
CF-Ray: 89a43021ed0e37c8-FRA
CF-Cache-Status: DYNAMIC
Access-Control-Allow-Origin: *
Content-Encoding: gzip
ETag: W/"c-jZ/yNktFr2Q83kILRzls5a61EKM"
Vary: Accept-Encoding
rndr-id: 43717482-077a-48e1
x-powered-by: Express
x-render-origin-server: Render
Server: cloudflare
alt-svc: h3=":443"; ma=86400

{
    "id": 13408
}
Request method:	GET
Request URI:	https://x-clients-be.onrender.com/company/delete/13408
Proxy:			<none>
Request params:	<none>
Query params:	<none>
Form params:	<none>
Path params:	<none>
Headers:		x-client-token=eyJhbGciOiJIUzI1NiIsInR5cCI6IkpXVCJ9.eyJyb2xlIjoiYWRtaW4iLCJpYXQiOjE3MTk0NzgyMTAsImV4cCI6MTcxOTQ3OTExMH0.tZqDax2GB-hyTxZ0w8EBiM3y7rzU4erCcZywjR86Iq8
				Accept=*/*
				Content-Type=application/json
Cookies:		<none>
Multiparts:		<none>
Body:			<none>
HTTP/1.1 200 OK
Date: Thu, 27 Jun 2024 08:50:11 GMT
Content-Type: application/json; charset=utf-8
Content-Length: 168
Connection: keep-alive
CF-Ray: 89a43026c8b918e0-FRA
CF-Cache-Status: DYNAMIC
Access-Control-Allow-Origin: *
Content-Encoding: gzip
ETag: W/"ce-REo+fQTxAUzZ5oBtImaml58wHyA"
Vary: Accept-Encoding
rndr-id: 23327ea5-5b1c-4e10
x-powered-by: Express
x-render-origin-server: Render
Server: cloudflare
alt-svc: h3=":443"; ma=86400

{
    "id": 13408,
    "isActive": true,
    "createDateTime": "2024-06-27T08:50:11.009Z",
    "lastChangedDateTime": "2024-06-27T08:50:11.009Z",
    "name": "Crona-Pacocha",
    "description": "mesh compelling technologies",
    "deletedAt": null
}
]]></system-out>
  </testcase>
</testsuite>